# JRE version: OpenJDK Runtime Environment (8.0_152-b01) (build 1.8.0_152-release-1248-b01)
# Java VM: OpenJDK 64-Bit Server VM (25.152-b01 mixed mode bsd-amd64 compressed oops)
Heap:
 PSYoungGen      total 367104K, used 72478K [0x00000007a0000000, 0x00000007bbb80000, 0x00000007c0000000)
  eden space 348160K, 15% used [0x00000007a0000000,0x00000007a3449a40,0x00000007b5400000)
  from space 18944K, 99% used [0x00000007ba900000,0x00000007bbb7e060,0x00000007bbb80000)
  to   space 25600K, 0% used [0x00000007b8980000,0x00000007b8980000,0x00000007ba280000)
 ParOldGen       total 145408K, used 124369K [0x0000000760000000, 0x0000000768e00000, 0x00000007a0000000)
  object space 145408K, 85% used [0x0000000760000000,0x0000000767974720,0x0000000768e00000)
 Metaspace       used 101020K, capacity 107532K, committed 107568K, reserved 1142784K
  class space    used 12440K, capacity 13595K, committed 13616K, reserved 1048576K
GC Heap History (10 events):
Event: 9832.821 GC heap before
{Heap before GC invocations=111 (full 5):
 PSYoungGen      total 443392K, used 434515K [0x00000007a0000000, 0x00000007bd980000, 0x00000007c0000000)
  eden space 424448K, 100% used [0x00000007a0000000,0x00000007b9e80000,0x00000007b9e80000)
  from space 18944K, 53% used [0x00000007b9e80000,0x00000007ba854c50,0x00000007bb100000)
  to   space 17920K, 0% used [0x00000007bc800000,0x00000007bc800000,0x00000007bd980000)
 ParOldGen       total 145408K, used 107286K [0x0000000760000000, 0x0000000768e00000, 0x00000007a0000000)
  object space 145408K, 73% used [0x0000000760000000,0x00000007668c5918,0x0000000768e00000)
 Metaspace       used 100852K, capacity 107336K, committed 107568K, reserved 1142784K
  class space    used 12439K, capacity 13595K, committed 13616K, reserved 1048576K
Event: 9832.844 GC heap after
Heap after GC invocations=111 (full 5):
 PSYoungGen      total 418304K, used 10531K [0x00000007a0000000, 0x00000007bd280000, 0x00000007c0000000)
  eden space 407552K, 0% used [0x00000007a0000000,0x00000007a0000000,0x00000007b8e00000)
  from space 10752K, 97% used [0x00000007bc800000,0x00000007bd248e38,0x00000007bd280000)
  to   space 17408K, 0% used [0x00000007bb080000,0x00000007bb080000,0x00000007bc180000)
 ParOldGen       total 145408K, used 107286K [0x0000000760000000, 0x0000000768e00000, 0x00000007a0000000)
  object space 145408K, 73% used [0x0000000760000000,0x00000007668c5918,0x0000000768e00000)
 Metaspace       used 100852K, capacity 107336K, committed 107568K, reserved 1142784K
  class space    used 12439K, capacity 13595K, committed 13616K, reserved 1048576K
}
Event: 9959.681 GC heap before
{Heap before GC invocations=112 (full 5):
 PSYoungGen      total 418304K, used 418083K [0x00000007a0000000, 0x00000007bd280000, 0x00000007c0000000)
  eden space 407552K, 100% used [0x00000007a0000000,0x00000007b8e00000,0x00000007b8e00000)
  from space 10752K, 97% used [0x00000007bc800000,0x00000007bd248e38,0x00000007bd280000)
  to   space 17408K, 0% used [0x00000007bb080000,0x00000007bb080000,0x00000007bc180000)
 ParOldGen       total 145408K, used 107286K [0x0000000760000000, 0x0000000768e00000, 0x00000007a0000000)
  object space 145408K, 73% used [0x0000000760000000,0x00000007668c5918,0x0000000768e00000)
 Metaspace       used 100886K, capacity 107400K, committed 107568K, reserved 1142784K
  class space    used 12439K, capacity 13595K, committed 13616K, reserved 1048576K
Event: 9959.722 GC heap after
Heap after GC invocations=112 (full 5):
 PSYoungGen      total 402432K, used 10611K [0x00000007a0000000, 0x00000007bc880000, 0x00000007c0000000)
  eden space 391680K, 0% used [0x00000007a0000000,0x00000007a0000000,0x00000007b7e80000)
  from space 10752K, 98% used [0x00000007bb080000,0x00000007bbadcf60,0x00000007bbb00000)
  to   space 13824K, 0% used [0x00000007bbb00000,0x00000007bbb00000,0x00000007bc880000)
 ParOldGen       total 145408K, used 107286K [0x0000000760000000, 0x0000000768e00000, 0x00000007a0000000)
  object space 145408K, 73% used [0x0000000760000000,0x00000007668c5918,0x0000000768e00000)
 Metaspace       used 100886K, capacity 107400K, committed 107568K, reserved 1142784K
  class space    used 12439K, capacity 13595K, committed 13616K, reserved 1048576K
}
Event: 10211.424 GC heap before
{Heap before GC invocations=113 (full 5):
 PSYoungGen      total 402432K, used 400661K [0x00000007a0000000, 0x00000007bc880000, 0x00000007c0000000)
  eden space 391680K, 99% used [0x00000007a0000000,0x00000007b7ce8528,0x00000007b7e80000)
  from space 10752K, 98% used [0x00000007bb080000,0x00000007bbadcf60,0x00000007bbb00000)
  to   space 13824K, 0% used [0x00000007bbb00000,0x00000007bbb00000,0x00000007bc880000)
 ParOldGen       total 145408K, used 107286K [0x0000000760000000, 0x0000000768e00000, 0x00000007a0000000)
  object space 145408K, 73% used [0x0000000760000000,0x00000007668c5918,0x0000000768e00000)
 Metaspace       used 100938K, capacity 107404K, committed 107568K, reserved 1142784K
  class space    used 12440K, capacity 13595K, committed 13616K, reserved 1048576K
Event: 10211.507 GC heap after
Heap after GC invocations=113 (full 5):
 PSYoungGen      total 390144K, used 13800K [0x00000007a0000000, 0x00000007bc880000, 0x00000007c0000000)
  eden space 376320K, 0% used [0x00000007a0000000,0x00000007a0000000,0x00000007b6f80000)
  from space 13824K, 99% used [0x00000007bbb00000,0x00000007bc87a040,0x00000007bc880000)
  to   space 23552K, 0% used [0x00000007b9a80000,0x00000007b9a80000,0x00000007bb180000)
 ParOldGen       total 145408K, used 122961K [0x0000000760000000, 0x0000000768e00000, 0x00000007a0000000)
  object space 145408K, 84% used [0x0000000760000000,0x0000000767814590,0x0000000768e00000)
 Metaspace       used 100938K, capacity 107404K, committed 107568K, reserved 1142784K
  class space    used 12440K, capacity 13595K, committed 13616K, reserved 1048576K
}
Event: 10213.975 GC heap before
{Heap before GC invocations=114 (full 5):
 PSYoungGen      total 390144K, used 389145K [0x00000007a0000000, 0x00000007bc880000, 0x00000007c0000000)
  eden space 376320K, 99% used [0x00000007a0000000,0x00000007b6e8c4b8,0x00000007b6f80000)
  from space 13824K, 99% used [0x00000007bbb00000,0x00000007bc87a040,0x00000007bc880000)
  to   space 23552K, 0% used [0x00000007b9a80000,0x00000007b9a80000,0x00000007bb180000)
 ParOldGen       total 145408K, used 122961K [0x0000000760000000, 0x0000000768e00000, 0x00000007a0000000)
  object space 145408K, 84% used [0x0000000760000000,0x0000000767814590,0x0000000768e00000)
 Metaspace       used 100952K, capacity 107404K, committed 107568K, reserved 1142784K
  class space    used 12440K, capacity 13595K, committed 13616K, reserved 1048576K
Event: 10214.037 GC heap after
Heap after GC invocations=114 (full 5):
 PSYoungGen      total 376832K, used 14748K [0x00000007a0000000, 0x00000007bbb80000, 0x00000007c0000000)
  eden space 361984K, 0% used [0x00000007a0000000,0x00000007a0000000,0x00000007b6180000)
  from space 14848K, 99% used [0x00000007b9a80000,0x00000007ba8e72f0,0x00000007ba900000)
  to   space 18944K, 0% used [0x00000007ba900000,0x00000007ba900000,0x00000007bbb80000)
 ParOldGen       total 145408K, used 123001K [0x0000000760000000, 0x0000000768e00000, 0x00000007a0000000)
  object space 145408K, 84% used [0x0000000760000000,0x000000076781e5a0,0x0000000768e00000)
 Metaspace       used 100952K, capacity 107404K, committed 107568K, reserved 1142784K
  class space    used 12440K, capacity 13595K, committed 13616K, reserved 1048576K
}
Event: 10334.254 GC heap before
{Heap before GC invocations=115 (full 5):
 PSYoungGen      total 376832K, used 376732K [0x00000007a0000000, 0x00000007bbb80000, 0x00000007c0000000)
  eden space 361984K, 100% used [0x00000007a0000000,0x00000007b6180000,0x00000007b6180000)
  from space 14848K, 99% used [0x00000007b9a80000,0x00000007ba8e72f0,0x00000007ba900000)
  to   space 18944K, 0% used [0x00000007ba900000,0x00000007ba900000,0x00000007bbb80000)
 ParOldGen       total 145408K, used 123001K [0x0000000760000000, 0x0000000768e00000, 0x00000007a0000000)
  object space 145408K, 84% used [0x0000000760000000,0x000000076781e5a0,0x0000000768e00000)
 Metaspace       used 100971K, capacity 107468K, committed 107568K, reserved 1142784K
  class space    used 12440K, capacity 13595K, committed 13616K, reserved 1048576K
Event: 10334.296 GC heap after
Heap after GC invocations=115 (full 5):
 PSYoungGen      total 367104K, used 18936K [0x00000007a0000000, 0x00000007bbb80000, 0x00000007c0000000)
  eden space 348160K, 0% used [0x00000007a0000000,0x00000007a0000000,0x00000007b5400000)
  from space 18944K, 99% used [0x00000007ba900000,0x00000007bbb7e060,0x00000007bbb80000)
  to   space 25600K, 0% used [0x00000007b8980000,0x00000007b8980000,0x00000007ba280000)
 ParOldGen       total 145408K, used 124369K [0x0000000760000000, 0x0000000768e00000, 0x00000007a0000000)
  object space 145408K, 85% used [0x0000000760000000,0x0000000767974720,0x0000000768e00000)
 Metaspace       used 100971K, capacity 107468K, committed 107568K, reserved 1142784K
  class space    used 12440K, capacity 13595K, committed 13616K, reserved 1048576K
}

